-------------------------------------------------------------------------------
Test set: com.example.du.ws.WSTest
-------------------------------------------------------------------------------
Tests run: 1, Failures: 0, Errors: 1, Skipped: 0, Time elapsed: 0.469 sec <<< FAILURE!
test(com.example.du.ws.WSTest)  Time elapsed: 0.419 sec  <<< ERROR!
org.apache.axis2.deployment.DeploymentException: org.apache.axis2.transport.http.CommonsHTTPTransportSender
	at org.apache.axis2.deployment.AxisConfigBuilder.processTransportSenders(AxisConfigBuilder.java:736)
	at org.apache.axis2.deployment.AxisConfigBuilder.populateConfig(AxisConfigBuilder.java:123)
	at org.apache.axis2.deployment.DeploymentEngine.populateAxisConfiguration(DeploymentEngine.java:629)
	at org.apache.axis2.deployment.FileSystemConfigurator.getAxisConfiguration(FileSystemConfigurator.java:116)
	at org.apache.axis2.context.ConfigurationContextFactory.createConfigurationContext(ConfigurationContextFactory.java:64)
	at org.apache.axis2.context.ConfigurationContextFactory.createConfigurationContextFromFileSystem(ConfigurationContextFactory.java:210)
	at org.apache.axis2.client.ServiceClient.configureServiceClient(ServiceClient.java:150)
	at org.apache.axis2.client.ServiceClient.<init>(ServiceClient.java:143)
	at com.example.du.ws.EmailVerNoTestEmailStub.<init>(EmailVerNoTestEmailStub.java:44)
	at com.example.du.ws.EmailVerNoTestEmailStub.<init>(EmailVerNoTestEmailStub.java:30)
	at com.example.du.ws.EmailVerNoTestEmailStub.<init>(EmailVerNoTestEmailStub.java:79)
	at com.example.du.ws.EmailVerNoTestEmailStub.<init>(EmailVerNoTestEmailStub.java:71)
	at com.example.du.ws.WSTest.test(WSTest.java:15)
	at sun.reflect.NativeMethodAccessorImpl.invoke0(Native Method)
	at sun.reflect.NativeMethodAccessorImpl.invoke(NativeMethodAccessorImpl.java:62)
	at sun.reflect.DelegatingMethodAccessorImpl.invoke(DelegatingMethodAccessorImpl.java:43)
	at java.lang.reflect.Method.invoke(Method.java:498)
	at org.junit.runners.model.FrameworkMethod$1.runReflectiveCall(FrameworkMethod.java:50)
	at org.junit.internal.runners.model.ReflectiveCallable.run(ReflectiveCallable.java:12)
	at org.junit.runners.model.FrameworkMethod.invokeExplosively(FrameworkMethod.java:47)
	at org.junit.internal.runners.statements.InvokeMethod.evaluate(InvokeMethod.java:17)
	at org.junit.runners.ParentRunner.runLeaf(ParentRunner.java:325)
	at org.junit.runners.BlockJUnit4ClassRunner.runChild(BlockJUnit4ClassRunner.java:78)
	at org.junit.runners.BlockJUnit4ClassRunner.runChild(BlockJUnit4ClassRunner.java:57)
	at org.junit.runners.ParentRunner$3.run(ParentRunner.java:290)
	at org.junit.runners.ParentRunner$1.schedule(ParentRunner.java:71)
	at org.junit.runners.ParentRunner.runChildren(ParentRunner.java:288)
	at org.junit.runners.ParentRunner.access$000(ParentRunner.java:58)
	at org.junit.runners.ParentRunner$2.evaluate(ParentRunner.java:268)
	at org.junit.runners.ParentRunner.run(ParentRunner.java:363)
	at org.apache.maven.surefire.junit4.JUnit4Provider.execute(JUnit4Provider.java:252)
	at org.apache.maven.surefire.junit4.JUnit4Provider.executeTestSet(JUnit4Provider.java:141)
	at org.apache.maven.surefire.junit4.JUnit4Provider.invoke(JUnit4Provider.java:112)
	at sun.reflect.NativeMethodAccessorImpl.invoke0(Native Method)
	at sun.reflect.NativeMethodAccessorImpl.invoke(NativeMethodAccessorImpl.java:62)
	at sun.reflect.DelegatingMethodAccessorImpl.invoke(DelegatingMethodAccessorImpl.java:43)
	at java.lang.reflect.Method.invoke(Method.java:498)
	at org.apache.maven.surefire.util.ReflectionUtils.invokeMethodWithArray(ReflectionUtils.java:189)
	at org.apache.maven.surefire.booter.ProviderFactory$ProviderProxy.invoke(ProviderFactory.java:165)
	at org.apache.maven.surefire.booter.ProviderFactory.invokeProvider(ProviderFactory.java:85)
	at org.apache.maven.surefire.booter.ForkedBooter.runSuitesInProcess(ForkedBooter.java:115)
	at org.apache.maven.surefire.booter.ForkedBooter.main(ForkedBooter.java:75)
Caused by: java.lang.ClassNotFoundException: org.apache.axis2.transport.http.CommonsHTTPTransportSender
	at java.net.URLClassLoader.findClass(URLClassLoader.java:381)
	at java.lang.ClassLoader.loadClass(ClassLoader.java:424)
	at sun.misc.Launcher$AppClassLoader.loadClass(Launcher.java:349)
	at java.lang.ClassLoader.loadClass(ClassLoader.java:357)
	at java.lang.Class.forName0(Native Method)
	at java.lang.Class.forName(Class.java:264)
	at org.apache.axis2.util.Loader.loadClass(Loader.java:261)
	at org.apache.axis2.deployment.AxisConfigBuilder.processTransportSenders(AxisConfigBuilder.java:711)
	... 41 more

